<?xml version="1.0" encoding="UTF-8"?>
<testsuite name="ReadabilityTest" tests="1" skipped="0" failures="1" errors="0" timestamp="2020-05-17T20:39:14" hostname="komputer" time="0.211">
  <properties/>
  <testcase name="start" classname="ReadabilityTest" time="0.211">
    <failure message="java.lang.AssertionError: Exception in test #1&#10;&#10;java.lang.NumberFormatException: empty String&#13;&#10;&#9;at java.base/jdk.internal.math.FloatingDecimal.readJavaFormatString(FloatingDecimal.java:1842)&#13;&#10;&#9;at java.base/jdk.internal.math.FloatingDecimal.parseDouble(FloatingDecimal.java:110)&#13;&#10;&#9;at java.base/java.lang.Double.parseDouble(Double.java:543)&#13;&#10;&#9;at readability.ReadabilityScore.printFK(ReadabilityScore.java:199)&#13;&#10;&#9;at readability.ReadabilityScore.printAll(ReadabilityScore.java:177)&#13;&#10;&#9;at readability.ReadabilityScore.calculateReadabilityScore(ReadabilityScore.java:168)&#13;&#10;&#9;at readability.Main.main(Main.java:13)&#10;&#10;Please find below the output of your program during this failed test.&#10;Note that the '&gt;' character indicates the beginning of the input line.&#10;&#10;---&#10;&#10;Arguments: input.txt&#10;&#10;The text is: &#10;Readability is the ease with which a reader can understand a written text. In natural language, the readability of text depends on its content and its presentation. Researchers have used various factors to measure readability. Readability is more than simply legibility, which is a measure of how easily a reader can distinguish individual letters or characters from each other. Higher readability eases reading effort and speed for any reader, but it is especially important for those who do not have high reading comprehension. In readers with poor reading comprehension, raising the readability level of a text from mediocre to good can make the difference between success and failure&#10;&#10;Words: 108&#10;Sentences: 6&#10;Characters: 580&#10;Syllables: &#10;Polysyllables: &#10;Enter the score you want to calculate (ARI, FK, SMOG, CL, all): &gt; all&#10;Automated Readability Index: 12.86 (about 24 year olds).&#10;Flesch–Kincaid readability tests: -8.57 (about  year olds)." type="java.lang.AssertionError">java.lang.AssertionError: Exception in test #1

java.lang.NumberFormatException: empty String
	at java.base/jdk.internal.math.FloatingDecimal.readJavaFormatString(FloatingDecimal.java:1842)
	at java.base/jdk.internal.math.FloatingDecimal.parseDouble(FloatingDecimal.java:110)
	at java.base/java.lang.Double.parseDouble(Double.java:543)
	at readability.ReadabilityScore.printFK(ReadabilityScore.java:199)
	at readability.ReadabilityScore.printAll(ReadabilityScore.java:177)
	at readability.ReadabilityScore.calculateReadabilityScore(ReadabilityScore.java:168)
	at readability.Main.main(Main.java:13)

Please find below the output of your program during this failed test.
Note that the '&gt;' character indicates the beginning of the input line.

---

Arguments: input.txt

The text is: 
Readability is the ease with which a reader can understand a written text. In natural language, the readability of text depends on its content and its presentation. Researchers have used various factors to measure readability. Readability is more than simply legibility, which is a measure of how easily a reader can distinguish individual letters or characters from each other. Higher readability eases reading effort and speed for any reader, but it is especially important for those who do not have high reading comprehension. In readers with poor reading comprehension, raising the readability level of a text from mediocre to good can make the difference between success and failure

Words: 108
Sentences: 6
Characters: 580
Syllables: 
Polysyllables: 
Enter the score you want to calculate (ARI, FK, SMOG, CL, all): &gt; all
Automated Readability Index: 12.86 (about 24 year olds).
Flesch–Kincaid readability tests: -8.57 (about  year olds).
	at org.junit.Assert.fail(Assert.java:88)
	at org.hyperskill.hstest.stage.StageTest.start(StageTest.java:97)
	at java.base/jdk.internal.reflect.NativeMethodAccessorImpl.invoke0(Native Method)
	at java.base/jdk.internal.reflect.NativeMethodAccessorImpl.invoke(NativeMethodAccessorImpl.java:62)
	at java.base/jdk.internal.reflect.DelegatingMethodAccessorImpl.invoke(DelegatingMethodAccessorImpl.java:43)
	at java.base/java.lang.reflect.Method.invoke(Method.java:566)
	at org.junit.runners.model.FrameworkMethod$1.runReflectiveCall(FrameworkMethod.java:50)
	at org.junit.internal.runners.model.ReflectiveCallable.run(ReflectiveCallable.java:12)
	at org.junit.runners.model.FrameworkMethod.invokeExplosively(FrameworkMethod.java:47)
	at org.junit.internal.runners.statements.InvokeMethod.evaluate(InvokeMethod.java:17)
	at org.junit.runners.ParentRunner.runLeaf(ParentRunner.java:325)
	at org.junit.runners.BlockJUnit4ClassRunner.runChild(BlockJUnit4ClassRunner.java:78)
	at org.junit.runners.BlockJUnit4ClassRunner.runChild(BlockJUnit4ClassRunner.java:57)
	at org.junit.runners.ParentRunner$3.run(ParentRunner.java:290)
	at org.junit.runners.ParentRunner$1.schedule(ParentRunner.java:71)
	at org.junit.runners.ParentRunner.runChildren(ParentRunner.java:288)
	at org.junit.runners.ParentRunner.access$000(ParentRunner.java:58)
	at org.junit.runners.ParentRunner$2.evaluate(ParentRunner.java:268)
	at org.junit.runners.ParentRunner.run(ParentRunner.java:363)
	at org.gradle.api.internal.tasks.testing.junit.JUnitTestClassExecutor.runTestClass(JUnitTestClassExecutor.java:110)
	at org.gradle.api.internal.tasks.testing.junit.JUnitTestClassExecutor.execute(JUnitTestClassExecutor.java:58)
	at org.gradle.api.internal.tasks.testing.junit.JUnitTestClassExecutor.execute(JUnitTestClassExecutor.java:38)
	at org.gradle.api.internal.tasks.testing.junit.AbstractJUnitTestClassProcessor.processTestClass(AbstractJUnitTestClassProcessor.java:62)
	at org.gradle.api.internal.tasks.testing.SuiteTestClassProcessor.processTestClass(SuiteTestClassProcessor.java:51)
	at java.base/jdk.internal.reflect.NativeMethodAccessorImpl.invoke0(Native Method)
	at java.base/jdk.internal.reflect.NativeMethodAccessorImpl.invoke(NativeMethodAccessorImpl.java:62)
	at java.base/jdk.internal.reflect.DelegatingMethodAccessorImpl.invoke(DelegatingMethodAccessorImpl.java:43)
	at java.base/java.lang.reflect.Method.invoke(Method.java:566)
	at org.gradle.internal.dispatch.ReflectionDispatch.dispatch(ReflectionDispatch.java:35)
	at org.gradle.internal.dispatch.ReflectionDispatch.dispatch(ReflectionDispatch.java:24)
	at org.gradle.internal.dispatch.ContextClassLoaderDispatch.dispatch(ContextClassLoaderDispatch.java:32)
	at org.gradle.internal.dispatch.ProxyDispatchAdapter$DispatchingInvocationHandler.invoke(ProxyDispatchAdapter.java:93)
	at com.sun.proxy.$Proxy2.processTestClass(Unknown Source)
	at org.gradle.api.internal.tasks.testing.worker.TestWorker.processTestClass(TestWorker.java:118)
	at java.base/jdk.internal.reflect.NativeMethodAccessorImpl.invoke0(Native Method)
	at java.base/jdk.internal.reflect.NativeMethodAccessorImpl.invoke(NativeMethodAccessorImpl.java:62)
	at java.base/jdk.internal.reflect.DelegatingMethodAccessorImpl.invoke(DelegatingMethodAccessorImpl.java:43)
	at java.base/java.lang.reflect.Method.invoke(Method.java:566)
	at org.gradle.internal.dispatch.ReflectionDispatch.dispatch(ReflectionDispatch.java:35)
	at org.gradle.internal.dispatch.ReflectionDispatch.dispatch(ReflectionDispatch.java:24)
	at org.gradle.internal.remote.internal.hub.MessageHubBackedObjectConnection$DispatchWrapper.dispatch(MessageHubBackedObjectConnection.java:175)
	at org.gradle.internal.remote.internal.hub.MessageHubBackedObjectConnection$DispatchWrapper.dispatch(MessageHubBackedObjectConnection.java:157)
	at org.gradle.internal.remote.internal.hub.MessageHub$Handler.run(MessageHub.java:404)
	at org.gradle.internal.concurrent.ExecutorPolicy$CatchAndRecordFailures.onExecute(ExecutorPolicy.java:63)
	at org.gradle.internal.concurrent.ManagedExecutorImpl$1.run(ManagedExecutorImpl.java:46)
	at java.base/java.util.concurrent.ThreadPoolExecutor.runWorker(ThreadPoolExecutor.java:1128)
	at java.base/java.util.concurrent.ThreadPoolExecutor$Worker.run(ThreadPoolExecutor.java:628)
	at org.gradle.internal.concurrent.ThreadFactoryImpl$ManagedThreadRunnable.run(ThreadFactoryImpl.java:55)
	at java.base/java.lang.Thread.run(Thread.java:834)
</failure>
  </testcase>
  <system-out><![CDATA[?[1;31m
Start test 1?[0m
The text is: 
Readability is the ease with which a reader can understand a written text. In natural language, the readability of text depends on its content and its presentation. Researchers have used various factors to measure readability. Readability is more than simply legibility, which is a measure of how easily a reader can distinguish individual letters or characters from each other. Higher readability eases reading effort and speed for any reader, but it is especially important for those who do not have high reading comprehension. In readers with poor reading comprehension, raising the readability level of a text from mediocre to good can make the difference between success and failure

Words: 108
Sentences: 6
Characters: 580
Syllables: 
Polysyllables: 
Enter the score you want to calculate (ARI, FK, SMOG, CL, all): > all
Automated Readability Index: 12.86 (about 24 year olds).
Flesch–Kincaid readability tests: -8.57 (about  year olds).
]]></system-out>
  <system-err><![CDATA[]]></system-err>
</testsuite>
