<?xml version="1.0" encoding="UTF-8"?>
<testsuite name="ConverterTest" tests="1" skipped="0" failures="0" errors="0" timestamp="2020-05-21T21:30:49" hostname="komputer" time="0.704">
  <properties/>
  <testcase name="start" classname="ConverterTest" time="0.704"/>
  <system-out><![CDATA[?[1;31m
Start test 1?[0m
10 = 0b1010
]]></system-out>
  <system-err><![CDATA[]]></system-err>
</testsuite>
